<?xml version="1.0" encoding="UTF-8"?>
<testsuite xmlns:xsi="http://www.w3.org/2001/XMLSchema-instance" xsi:noNamespaceSchemaLocation="https://maven.apache.org/surefire/maven-surefire-plugin/xsd/surefire-test-report.xsd" version="3.0.2" name="com.example.Restaurante.RestauranteApplicationTests" time="3.425" tests="1" errors="0" skipped="0" failures="0">
  <properties>
[...]
</properties>
  <testcase name="contextLoads" classname="com.example.Restaurante.RestauranteApplicationTests" time="0.391">
    <system-out><![CDATA[23:39:05.537 [main] INFO org.springframework.test.context.support.AnnotationConfigContextLoaderUtils -- Could not detect default configuration classes for test class [com.example.Restaurante.RestauranteApplicationTests]: RestauranteApplicationTests does not declare any static, non-private, non-final, nested classes annotated with @Configuration.
23:39:05.639 [main] INFO org.springframework.boot.test.context.SpringBootTestContextBootstrapper -- Found @SpringBootConfiguration com.example.Restaurante.RestauranteApplication for test class com.example.Restaurante.RestauranteApplicationTests
23:39:05.765 [main] INFO org.springframework.boot.devtools.restart.RestartApplicationListener -- Restart disabled due to context in which it is running

  .   ____          _            __ _ _
 /\\ / ___'_ __ _ _(_)_ __  __ _ \ \ \ \
( ( )\___ | '_ | '_| | '_ \/ _` | \ \ \ \
 \\/  ___)| |_)| | | | | || (_| |  ) ) ) )
  '  |____| .__|_| |_|_| |_\__, | / / / /
 =========|_|==============|___/=/_/_/_/

 :: Spring Boot ::                (v3.4.2)

2025-02-18T23:39:05.979-03:00  INFO 35376 --- [Restaurante] [           main] c.e.R.RestauranteApplicationTests        : Starting RestauranteApplicationTests using Java 23.0.2 with PID 35376 (started by mathe in C:\Users\mathe\Desktop\Restaurante\Backend\Restaurante)
2025-02-18T23:39:05.980-03:00  INFO 35376 --- [Restaurante] [           main] c.e.R.RestauranteApplicationTests        : No active profile set, falling back to 1 default profile: "default"
2025-02-18T23:39:06.452-03:00  INFO 35376 --- [Restaurante] [           main] .s.d.r.c.RepositoryConfigurationDelegate : Bootstrapping Spring Data JPA repositories in DEFAULT mode.
2025-02-18T23:39:06.470-03:00  INFO 35376 --- [Restaurante] [           main] .s.d.r.c.RepositoryConfigurationDelegate : Finished Spring Data repository scanning in 9 ms. Found 0 JPA repository interfaces.
2025-02-18T23:39:06.825-03:00  INFO 35376 --- [Restaurante] [           main] o.hibernate.jpa.internal.util.LogHelper  : HHH000204: Processing PersistenceUnitInfo [name: default]
2025-02-18T23:39:06.877-03:00  INFO 35376 --- [Restaurante] [           main] org.hibernate.Version                    : HHH000412: Hibernate ORM core version 6.6.5.Final
2025-02-18T23:39:06.905-03:00  INFO 35376 --- [Restaurante] [           main] o.h.c.internal.RegionFactoryInitiator    : HHH000026: Second-level cache disabled
2025-02-18T23:39:07.156-03:00  INFO 35376 --- [Restaurante] [           main] o.s.o.j.p.SpringPersistenceUnitInfo      : No LoadTimeWeaver setup: ignoring JPA class transformer
2025-02-18T23:39:07.183-03:00  INFO 35376 --- [Restaurante] [           main] com.zaxxer.hikari.HikariDataSource       : HikariPool-1 - Starting...
2025-02-18T23:39:07.326-03:00  INFO 35376 --- [Restaurante] [           main] com.zaxxer.hikari.pool.HikariPool        : HikariPool-1 - Added connection conn0: url=jdbc:h2:mem:teste user=SA
2025-02-18T23:39:07.328-03:00  INFO 35376 --- [Restaurante] [           main] com.zaxxer.hikari.HikariDataSource       : HikariPool-1 - Start completed.
2025-02-18T23:39:07.346-03:00  WARN 35376 --- [Restaurante] [           main] org.hibernate.orm.deprecation            : HHH90000025: H2Dialect does not need to be specified explicitly using 'hibernate.dialect' (remove the property setting and it will be selected by default)
2025-02-18T23:39:07.362-03:00  INFO 35376 --- [Restaurante] [           main] org.hibernate.orm.connections.pooling    : HHH10001005: Database info:
	Database JDBC URL [Connecting through datasource 'HikariDataSource (HikariPool-1)']
	Database driver: undefined/unknown
	Database version: 2.3.232
	Autocommit mode: undefined/unknown
	Isolation level: undefined/unknown
	Minimum pool size: undefined/unknown
	Maximum pool size: undefined/unknown
2025-02-18T23:39:07.605-03:00  INFO 35376 --- [Restaurante] [           main] o.h.e.t.j.p.i.JtaPlatformInitiator       : HHH000489: No JTA platform available (set 'hibernate.transaction.jta.platform' to enable JTA platform integration)
2025-02-18T23:39:07.609-03:00  INFO 35376 --- [Restaurante] [           main] j.LocalContainerEntityManagerFactoryBean : Initialized JPA EntityManagerFactory for persistence unit 'default'
2025-02-18T23:39:07.742-03:00  WARN 35376 --- [Restaurante] [           main] JpaBaseConfiguration$JpaWebConfiguration : spring.jpa.open-in-view is enabled by default. Therefore, database queries may be performed during view rendering. Explicitly configure spring.jpa.open-in-view to disable this warning
2025-02-18T23:39:08.188-03:00  WARN 35376 --- [Restaurante] [           main] .s.s.UserDetailsServiceAutoConfiguration : 

Using generated security password: 24e3faa0-cb7a-4ddd-b3db-ea960c663e2c

This generated password is for development use only. Your security configuration must be updated before running your application in production.

2025-02-18T23:39:08.214-03:00  INFO 35376 --- [Restaurante] [           main] r$InitializeUserDetailsManagerConfigurer : Global AuthenticationManager configured with UserDetailsService bean with name inMemoryUserDetailsManager
2025-02-18T23:39:08.419-03:00  INFO 35376 --- [Restaurante] [           main] c.e.R.RestauranteApplicationTests        : Started RestauranteApplicationTests in 2.664 seconds (process running for 3.448)
]]></system-out>
    <system-err><![CDATA[Mockito is currently self-attaching to enable the inline-mock-maker. This will no longer work in future releases of the JDK. Please add Mockito as an agent to your build what is described in Mockito's documentation: https://javadoc.io/doc/org.mockito/mockito-core/latest/org/mockito/Mockito.html#0.3
WARNING: A Java agent has been loaded dynamically (C:\Users\mathe\.m2\repository\net\bytebuddy\byte-buddy-agent\1.15.11\byte-buddy-agent-1.15.11.jar)
WARNING: If a serviceability tool is in use, please run with -XX:+EnableDynamicAgentLoading to hide this warning
WARNING: If a serviceability tool is not in use, please run with -Djdk.instrument.traceUsage for more information
WARNING: Dynamic loading of agents will be disallowed by default in a future release
]]></system-err>
  </testcase>
</testsuite>